SF:lib\src\auth_api.dart
DA:26,1
DA:28,0
DA:30,1
DA:46,1
DA:47,1
DA:48,1
DA:49,2
DA:54,1
DA:55,2
DA:56,4
DA:57,1
DA:60,2
DA:65,2
DA:69,2
DA:70,2
DA:77,1
DA:78,2
DA:80,1
DA:82,2
DA:84,2
DA:87,1
DA:89,2
DA:95,3
DA:96,5
DA:97,1
DA:98,1
DA:101,1
DA:102,2
DA:103,2
DA:107,2
DA:112,1
DA:117,2
DA:118,1
DA:121,2
DA:123,1
DA:126,1
DA:127,3
DA:134,1
DA:140,3
DA:142,2
DA:144,1
DA:150,1
DA:152,2
DA:155,4
DA:156,2
DA:157,4
DA:159,1
DA:160,1
DA:161,3
DA:168,1
DA:170,2
DA:172,2
DA:174,1
DA:176,1
DA:178,2
DA:181,4
DA:182,2
DA:183,4
DA:185,1
DA:186,1
DA:187,2
DA:194,1
DA:196,2
DA:198,2
DA:199,1
DA:203,2
DA:206,2
DA:213,2
DA:217,2
DA:223,1
DA:224,2
DA:225,2
LF:72
LH:71
end_of_record
